2025-09-18 08:37:29,653 [INFO] trade_logger: Startingbuy trade for user=1, symbol=AAPL, quantity=2
2025-09-18 08:37:29,681 [INFO] trade_logger: Fetched account and stock for AAPL at price=150.00
2025-09-18 08:37:29,690 [INFO] trade_logger: Successfully completed buy trade for user=1
2025-09-18 14:11:02,949 [INFO] trade_logger: Celery beat task executed successfully
2025-09-18 14:11:32,935 [INFO] trade_logger: Celery beat task executed successfully
2025-09-18 14:12:02,935 [INFO] trade_logger: Celery beat task executed successfully
2025-09-18 14:12:32,935 [INFO] trade_logger: Celery beat task executed successfully
2025-09-18 14:13:02,935 [INFO] trade_logger: Celery beat task executed successfully
2025-09-22 09:20:07,513 [INFO] trade_logger: Celery beat task executed successfully
2025-09-22 09:20:07,514 [INFO] trade_logger: Celery beat task executed successfully
2025-09-22 09:20:07,520 [INFO] trade_logger: Celery beat task executed successfully
2025-09-22 09:20:07,523 [INFO] trade_logger: Celery beat task executed successfully
2025-09-22 09:20:07,538 [INFO] trade_logger: Celery beat task executed successfully
2025-09-22 09:20:07,538 [INFO] trade_logger: Celery beat task executed successfully
2025-09-22 09:20:07,539 [INFO] trade_logger: Celery beat task executed successfully
2025-09-22 09:20:07,538 [INFO] trade_logger: Celery beat task executed successfully
2025-09-22 09:20:07,546 [INFO] trade_logger: Celery beat task executed successfully
2025-09-22 09:20:07,546 [INFO] trade_logger: Celery beat task executed successfully
2025-09-22 09:20:07,551 [INFO] trade_logger: Celery beat task executed successfully
2025-09-22 09:20:07,551 [INFO] trade_logger: Celery beat task executed successfully
2025-09-22 09:20:07,554 [INFO] trade_logger: Celery beat task executed successfully
2025-09-22 09:20:07,556 [INFO] trade_logger: Celery beat task executed successfully
2025-09-22 09:20:07,559 [INFO] trade_logger: Celery beat task executed successfully
2025-09-22 09:20:07,559 [INFO] trade_logger: Celery beat task executed successfully
2025-09-22 09:20:07,566 [INFO] trade_logger: Celery beat task executed successfully
2025-09-22 09:20:36,943 [INFO] trade_logger: Celery beat task executed successfully
2025-09-22 09:21:06,938 [INFO] trade_logger: Celery beat task executed successfully
2025-09-22 09:21:36,938 [INFO] trade_logger: Celery beat task executed successfully
2025-09-22 09:22:06,944 [INFO] trade_logger: Celery beat task executed successfully
2025-09-22 09:22:36,939 [INFO] trade_logger: Celery beat task executed successfully
2025-09-22 09:23:06,944 [INFO] trade_logger: Celery beat task executed successfully
2025-09-22 09:23:36,939 [INFO] trade_logger: Celery beat task executed successfully
2025-09-22 09:24:06,939 [INFO] trade_logger: Celery beat task executed successfully
2025-09-22 09:24:36,940 [INFO] trade_logger: Celery beat task executed successfully
2025-09-22 09:25:06,940 [INFO] trade_logger: Celery beat task executed successfully
2025-09-22 09:25:36,939 [INFO] trade_logger: Celery beat task executed successfully
2025-09-22 09:26:06,939 [INFO] trade_logger: Celery beat task executed successfully
2025-09-22 09:26:36,939 [INFO] trade_logger: Celery beat task executed successfully
2025-09-22 09:27:06,947 [INFO] trade_logger: Celery beat task executed successfully
2025-09-22 09:27:36,940 [INFO] trade_logger: Celery beat task executed successfully
2025-09-22 09:28:06,945 [INFO] trade_logger: Celery beat task executed successfully
2025-09-22 09:28:36,946 [INFO] trade_logger: Celery beat task executed successfully
2025-09-22 09:29:06,941 [INFO] trade_logger: Celery beat task executed successfully
2025-09-22 09:29:36,940 [INFO] trade_logger: Celery beat task executed successfully
2025-09-22 09:30:06,940 [INFO] trade_logger: Celery beat task executed successfully
2025-09-22 09:30:36,945 [INFO] trade_logger: Celery beat task executed successfully
2025-09-22 09:31:06,948 [INFO] trade_logger: Celery beat task executed successfully
2025-09-22 09:31:36,947 [INFO] trade_logger: Celery beat task executed successfully
2025-09-22 09:32:06,948 [INFO] trade_logger: Celery beat task executed successfully
2025-09-22 09:39:13,564 [INFO] trade_logger: Celery beat task executed successfully
2025-09-22 09:39:28,257 [INFO] trade_logger: Celery beat task executed successfully
2025-09-22 09:39:58,242 [INFO] trade_logger: Starting stock price update task ...
2025-09-22 09:39:58,244 [ERROR] trade_logger: Failed to update AAPL: No connection adapters were found for 'ttps://financialmodelingprep.com/api/v3/quote/AAPL?apikey=demo'
2025-09-22 09:39:58,244 [ERROR] trade_logger: Failed to update GOOGL: No connection adapters were found for 'ttps://financialmodelingprep.com/api/v3/quote/GOOGL?apikey=demo'
2025-09-22 09:39:58,245 [ERROR] trade_logger: Failed to update TSLA: No connection adapters were found for 'ttps://financialmodelingprep.com/api/v3/quote/TSLA?apikey=demo'
2025-09-22 09:39:58,259 [INFO] trade_logger: Celery beat task executed successfully
2025-09-22 09:40:28,263 [INFO] trade_logger: Celery beat task executed successfully
2025-09-22 09:40:58,244 [INFO] trade_logger: Starting stock price update task ...
2025-09-22 09:40:58,245 [ERROR] trade_logger: Failed to update AAPL: No connection adapters were found for 'ttps://financialmodelingprep.com/api/v3/quote/AAPL?apikey=demo'
2025-09-22 09:40:58,246 [ERROR] trade_logger: Failed to update GOOGL: No connection adapters were found for 'ttps://financialmodelingprep.com/api/v3/quote/GOOGL?apikey=demo'
2025-09-22 09:40:58,247 [ERROR] trade_logger: Failed to update TSLA: No connection adapters were found for 'ttps://financialmodelingprep.com/api/v3/quote/TSLA?apikey=demo'
2025-09-22 09:40:58,259 [INFO] trade_logger: Celery beat task executed successfully
2025-09-22 09:41:28,263 [INFO] trade_logger: Celery beat task executed successfully
2025-09-22 09:41:58,249 [INFO] trade_logger: Starting stock price update task ...
2025-09-22 09:41:58,252 [ERROR] trade_logger: Failed to update AAPL: No connection adapters were found for 'ttps://financialmodelingprep.com/api/v3/quote/AAPL?apikey=demo'
2025-09-22 09:41:58,255 [ERROR] trade_logger: Failed to update GOOGL: No connection adapters were found for 'ttps://financialmodelingprep.com/api/v3/quote/GOOGL?apikey=demo'
2025-09-22 09:41:58,258 [ERROR] trade_logger: Failed to update TSLA: No connection adapters were found for 'ttps://financialmodelingprep.com/api/v3/quote/TSLA?apikey=demo'
2025-09-22 09:41:58,264 [INFO] trade_logger: Celery beat task executed successfully
2025-09-22 09:42:28,260 [INFO] trade_logger: Celery beat task executed successfully
2025-09-22 10:00:33,799 [INFO] trade_logger: Starting stock price update task ...
2025-09-22 10:00:33,799 [INFO] trade_logger: Celery beat task executed successfully
2025-09-22 10:00:35,410 [ERROR] trade_logger: Failed to update AAPL: 0
2025-09-22 10:00:36,544 [ERROR] trade_logger: Failed to update GOOGL: 0
2025-09-22 10:00:37,768 [ERROR] trade_logger: Failed to update TSLA: 0
2025-09-22 10:00:49,180 [INFO] trade_logger: Celery beat task executed successfully
2025-09-22 10:01:19,187 [INFO] trade_logger: Celery beat task executed successfully
2025-09-22 10:01:19,200 [INFO] trade_logger: Starting stock price update task ...
2025-09-22 10:01:20,369 [ERROR] trade_logger: Failed to update AAPL: 0
2025-09-22 10:01:21,602 [ERROR] trade_logger: Failed to update GOOGL: 0
2025-09-22 10:01:22,928 [ERROR] trade_logger: Failed to update TSLA: 0
2025-09-22 10:01:49,180 [INFO] trade_logger: Celery beat task executed successfully
2025-09-22 10:02:19,180 [INFO] trade_logger: Celery beat task executed successfully
2025-09-22 10:02:19,191 [INFO] trade_logger: Starting stock price update task ...
2025-09-22 10:02:20,394 [ERROR] trade_logger: Failed to update AAPL: 0
2025-09-22 10:02:21,812 [ERROR] trade_logger: Failed to update GOOGL: 0
2025-09-22 10:02:23,036 [ERROR] trade_logger: Failed to update TSLA: 0
2025-09-22 10:02:49,180 [INFO] trade_logger: Celery beat task executed successfully
2025-09-22 10:04:20,361 [INFO] trade_logger: Celery beat task executed successfully
2025-09-22 10:04:20,363 [INFO] trade_logger: Starting stock price update task ...
2025-09-22 10:04:21,819 [ERROR] trade_logger: Failed to update AAPL: 0
2025-09-22 10:04:23,155 [ERROR] trade_logger: Failed to update GOOGL: 0
2025-09-22 10:04:24,289 [ERROR] trade_logger: Failed to update TSLA: 0
2025-09-22 10:04:35,578 [INFO] trade_logger: Celery beat task executed successfully
2025-09-22 10:05:05,579 [INFO] trade_logger: Celery beat task executed successfully
2025-09-22 10:05:05,590 [INFO] trade_logger: Starting stock price update task ...
2025-09-22 10:05:06,976 [ERROR] trade_logger: Failed to update AAPL: 0
2025-09-22 10:05:08,146 [ERROR] trade_logger: Failed to update GOOGL: 0
2025-09-22 10:05:09,332 [ERROR] trade_logger: Failed to update TSLA: 0
2025-09-22 10:44:39,742 [INFO] trade_logger: Celery beat task executed successfully
2025-09-22 10:44:39,742 [INFO] trade_logger: Celery beat task executed successfully
2025-09-22 10:44:39,752 [INFO] trade_logger: Starting stock price update task ...
2025-09-22 10:44:41,764 [ERROR] trade_logger: Failed to update AAPL: 0
2025-09-22 10:44:42,996 [ERROR] trade_logger: Failed to update GOOGL: 0
2025-09-22 10:44:44,125 [ERROR] trade_logger: Failed to update TSLA: 0
2025-09-22 10:45:02,133 [INFO] trade_logger: Celery beat task executed successfully
2025-09-22 10:45:32,133 [INFO] trade_logger: Celery beat task executed successfully
2025-09-22 10:45:32,144 [INFO] trade_logger: Starting stock price update task ...
2025-09-22 10:45:33,373 [ERROR] trade_logger: Failed to update AAPL: 0
2025-09-22 10:45:34,691 [ERROR] trade_logger: Failed to update GOOGL: 0
2025-09-22 10:45:35,834 [ERROR] trade_logger: Failed to update TSLA: 0
2025-09-22 11:59:58,223 [INFO] trade_logger: Starting stock price update task ...
2025-09-22 11:59:58,225 [INFO] trade_logger: Celery beat task executed successfully
2025-09-22 11:59:59,789 [ERROR] trade_logger: Failed to update AAPL: null value in column "price" of relation "accounts_stock" violates not-null constraint
DETAIL:  Failing row contains (1, AAPL, Apple Inc., NASDAQ, 2025-09-12 14:38:30.422+00, null).

2025-09-22 12:00:00,918 [ERROR] trade_logger: Failed to update GOOGL: null value in column "price" of relation "accounts_stock" violates not-null constraint
DETAIL:  Failing row contains (2, GOOGL, Google, NASDAQ, 2025-09-12 14:38:30.431+00, null).

2025-09-22 12:00:02,696 [ERROR] trade_logger: Failed to update TSLA: null value in column "price" of relation "accounts_stock" violates not-null constraint
DETAIL:  Failing row contains (3, TSLA, Tesla Inc., NASDAQ, 2025-09-12 14:38:30.438+00, null).

2025-09-22 12:00:21,799 [INFO] trade_logger: Celery beat task executed successfully
2025-09-22 12:00:51,797 [INFO] trade_logger: Celery beat task executed successfully
2025-09-22 12:00:51,813 [INFO] trade_logger: Starting stock price update task ...
2025-09-22 12:00:53,159 [ERROR] trade_logger: Failed to update AAPL: null value in column "price" of relation "accounts_stock" violates not-null constraint
DETAIL:  Failing row contains (1, AAPL, Apple Inc., NASDAQ, 2025-09-12 14:38:30.422+00, null).

2025-09-22 12:00:54,417 [ERROR] trade_logger: Failed to update GOOGL: null value in column "price" of relation "accounts_stock" violates not-null constraint
DETAIL:  Failing row contains (2, GOOGL, Google, NASDAQ, 2025-09-12 14:38:30.431+00, null).

2025-09-22 12:00:55,647 [ERROR] trade_logger: Failed to update TSLA: null value in column "price" of relation "accounts_stock" violates not-null constraint
DETAIL:  Failing row contains (3, TSLA, Tesla Inc., NASDAQ, 2025-09-12 14:38:30.438+00, null).

2025-09-22 12:01:21,791 [INFO] trade_logger: Celery beat task executed successfully
2025-09-22 12:01:51,792 [INFO] trade_logger: Celery beat task executed successfully
2025-09-22 12:01:51,807 [INFO] trade_logger: Starting stock price update task ...
2025-09-22 12:01:53,159 [ERROR] trade_logger: Failed to update AAPL: null value in column "price" of relation "accounts_stock" violates not-null constraint
DETAIL:  Failing row contains (1, AAPL, Apple Inc., NASDAQ, 2025-09-12 14:38:30.422+00, null).

2025-09-22 12:01:54,427 [ERROR] trade_logger: Failed to update GOOGL: null value in column "price" of relation "accounts_stock" violates not-null constraint
DETAIL:  Failing row contains (2, GOOGL, Google, NASDAQ, 2025-09-12 14:38:30.431+00, null).

2025-09-22 12:01:55,655 [ERROR] trade_logger: Failed to update TSLA: null value in column "price" of relation "accounts_stock" violates not-null constraint
DETAIL:  Failing row contains (3, TSLA, Tesla Inc., NASDAQ, 2025-09-12 14:38:30.438+00, null).

2025-09-22 12:02:21,797 [INFO] trade_logger: Celery beat task executed successfully
2025-09-22 12:02:51,798 [INFO] trade_logger: Celery beat task executed successfully
2025-09-22 12:02:51,818 [INFO] trade_logger: Starting stock price update task ...
2025-09-22 12:02:58,338 [ERROR] trade_logger: Failed to update AAPL: null value in column "price" of relation "accounts_stock" violates not-null constraint
DETAIL:  Failing row contains (1, AAPL, Apple Inc., NASDAQ, 2025-09-12 14:38:30.422+00, null).

2025-09-22 12:02:59,762 [ERROR] trade_logger: Failed to update GOOGL: null value in column "price" of relation "accounts_stock" violates not-null constraint
DETAIL:  Failing row contains (2, GOOGL, Google, NASDAQ, 2025-09-12 14:38:30.431+00, null).

2025-09-22 12:03:00,853 [ERROR] trade_logger: Failed to update TSLA: null value in column "price" of relation "accounts_stock" violates not-null constraint
DETAIL:  Failing row contains (3, TSLA, Tesla Inc., NASDAQ, 2025-09-12 14:38:30.438+00, null).

2025-09-22 12:16:09,071 [INFO] trade_logger: Starting stock price update task ...
2025-09-22 12:16:09,073 [INFO] trade_logger: Celery beat task executed successfully
2025-09-22 12:16:13,514 [INFO] trade_logger: Updated AAPL with price 245.5
2025-09-22 12:16:14,259 [INFO] trade_logger: Updated GOOGL with price 254.72000122070312
2025-09-22 12:16:15,054 [INFO] trade_logger: Updated TSLA with price 426.07000732421875
2025-09-22 12:16:32,315 [INFO] trade_logger: Celery beat task executed successfully
2025-09-22 12:17:02,314 [INFO] trade_logger: Celery beat task executed successfully
2025-09-22 12:17:02,328 [INFO] trade_logger: Starting stock price update task ...
2025-09-22 12:17:04,412 [INFO] trade_logger: Updated AAPL with price 245.5
2025-09-22 12:17:04,810 [INFO] trade_logger: Updated GOOGL with price 254.72000122070312
2025-09-22 12:17:05,155 [INFO] trade_logger: Updated TSLA with price 426.07000732421875
2025-09-22 12:17:32,314 [INFO] trade_logger: Celery beat task executed successfully
2025-09-22 12:18:02,314 [INFO] trade_logger: Celery beat task executed successfully
2025-09-22 12:18:02,328 [INFO] trade_logger: Starting stock price update task ...
2025-09-22 12:18:02,761 [INFO] trade_logger: Updated AAPL with price 245.5
2025-09-22 12:18:03,203 [INFO] trade_logger: Updated GOOGL with price 254.72000122070312
2025-09-22 12:18:03,594 [INFO] trade_logger: Updated TSLA with price 426.07000732421875
2025-09-24 09:39:29,638 [INFO] trade_logger: Celery beat task executed successfully
2025-09-24 09:39:29,641 [INFO] trade_logger: Starting stock price update task ...
2025-09-24 09:39:32,275 [INFO] trade_logger: Updated AAPL with price 254.42999267578125
2025-09-24 09:39:32,653 [INFO] trade_logger: Updated GOOGL with price 251.66000366210938
2025-09-24 09:39:33,184 [INFO] trade_logger: Updated TSLA with price 425.8500061035156
2025-09-24 09:39:59,628 [INFO] trade_logger: Celery beat task executed successfully
2025-09-24 09:40:29,628 [INFO] trade_logger: Celery beat task executed successfully
2025-09-24 09:40:29,641 [INFO] trade_logger: Starting stock price update task ...
2025-09-24 09:40:33,538 [INFO] trade_logger: Updated AAPL with price 254.42999267578125
2025-09-24 09:40:33,978 [INFO] trade_logger: Updated GOOGL with price 251.66000366210938
2025-09-24 09:40:34,341 [INFO] trade_logger: Updated TSLA with price 425.8500061035156
2025-09-24 09:40:59,628 [INFO] trade_logger: Celery beat task executed successfully
2025-09-24 09:41:29,628 [INFO] trade_logger: Celery beat task executed successfully
2025-09-24 09:41:29,640 [INFO] trade_logger: Starting stock price update task ...
2025-09-24 09:41:30,102 [INFO] trade_logger: Updated AAPL with price 254.42999267578125
2025-09-24 09:41:31,422 [INFO] trade_logger: Updated GOOGL with price 251.66000366210938
2025-09-24 09:41:31,834 [INFO] trade_logger: Updated TSLA with price 425.8500061035156
2025-09-24 09:41:59,629 [INFO] trade_logger: Celery beat task executed successfully
2025-09-24 09:42:29,628 [INFO] trade_logger: Celery beat task executed successfully
2025-09-24 09:42:29,640 [INFO] trade_logger: Starting stock price update task ...
2025-09-24 09:42:30,843 [INFO] trade_logger: Updated AAPL with price 254.42999267578125
2025-09-24 09:42:33,177 [INFO] trade_logger: Updated GOOGL with price 251.66000366210938
2025-09-24 09:42:33,831 [INFO] trade_logger: Updated TSLA with price 425.8500061035156
2025-09-24 09:42:59,628 [INFO] trade_logger: Celery beat task executed successfully
2025-09-24 09:43:29,628 [INFO] trade_logger: Celery beat task executed successfully
2025-09-24 09:43:29,640 [INFO] trade_logger: Starting stock price update task ...
2025-09-24 09:43:30,123 [INFO] trade_logger: Updated AAPL with price 254.42999267578125
2025-09-24 09:43:30,532 [INFO] trade_logger: Updated GOOGL with price 251.66000366210938
2025-09-24 09:43:31,032 [INFO] trade_logger: Updated TSLA with price 425.8500061035156
2025-09-24 09:43:59,628 [INFO] trade_logger: Celery beat task executed successfully
2025-09-24 09:44:29,629 [INFO] trade_logger: Celery beat task executed successfully
2025-09-24 09:44:29,642 [INFO] trade_logger: Starting stock price update task ...
2025-09-24 09:44:30,242 [INFO] trade_logger: Updated AAPL with price 254.42999267578125
2025-09-24 09:44:30,746 [INFO] trade_logger: Updated GOOGL with price 251.66000366210938
2025-09-24 09:44:31,245 [INFO] trade_logger: Updated TSLA with price 425.8500061035156
2025-09-24 09:44:59,628 [INFO] trade_logger: Celery beat task executed successfully
2025-09-24 09:45:29,628 [INFO] trade_logger: Celery beat task executed successfully
2025-09-24 09:45:29,641 [INFO] trade_logger: Starting stock price update task ...
2025-09-24 09:45:31,776 [INFO] trade_logger: Updated AAPL with price 254.42999267578125
2025-09-24 09:45:32,183 [INFO] trade_logger: Updated GOOGL with price 251.66000366210938
2025-09-24 09:45:32,504 [INFO] trade_logger: Updated TSLA with price 425.8500061035156
2025-09-24 09:45:59,628 [INFO] trade_logger: Celery beat task executed successfully
2025-09-24 09:46:29,628 [INFO] trade_logger: Celery beat task executed successfully
2025-09-24 09:46:29,640 [INFO] trade_logger: Starting stock price update task ...
2025-09-24 09:46:30,132 [INFO] trade_logger: Updated AAPL with price 254.42999267578125
2025-09-24 09:46:30,520 [INFO] trade_logger: Updated GOOGL with price 251.66000366210938
2025-09-24 09:46:30,918 [INFO] trade_logger: Updated TSLA with price 425.8500061035156
2025-09-24 09:46:59,628 [INFO] trade_logger: Celery beat task executed successfully
2025-09-24 09:47:29,628 [INFO] trade_logger: Celery beat task executed successfully
2025-09-24 09:47:29,642 [INFO] trade_logger: Starting stock price update task ...
2025-09-24 09:47:30,124 [INFO] trade_logger: Updated AAPL with price 254.42999267578125
2025-09-24 09:47:30,631 [INFO] trade_logger: Updated GOOGL with price 251.66000366210938
2025-09-24 09:47:31,133 [INFO] trade_logger: Updated TSLA with price 425.8500061035156
2025-09-24 09:47:59,628 [INFO] trade_logger: Celery beat task executed successfully
2025-09-24 09:48:29,629 [INFO] trade_logger: Celery beat task executed successfully
2025-09-24 09:48:29,641 [INFO] trade_logger: Starting stock price update task ...
2025-09-24 09:48:30,352 [INFO] trade_logger: Updated AAPL with price 254.42999267578125
2025-09-24 09:48:31,124 [INFO] trade_logger: Updated GOOGL with price 251.66000366210938
2025-09-24 09:48:31,550 [INFO] trade_logger: Updated TSLA with price 425.8500061035156
2025-09-24 09:48:59,628 [INFO] trade_logger: Celery beat task executed successfully
2025-09-24 09:49:29,629 [INFO] trade_logger: Celery beat task executed successfully
2025-09-24 09:49:29,643 [INFO] trade_logger: Starting stock price update task ...
2025-09-24 09:49:30,118 [INFO] trade_logger: Updated AAPL with price 254.42999267578125
2025-09-24 09:49:30,517 [INFO] trade_logger: Updated GOOGL with price 251.66000366210938
2025-09-24 09:49:30,922 [INFO] trade_logger: Updated TSLA with price 425.8500061035156
2025-09-24 09:49:59,629 [INFO] trade_logger: Celery beat task executed successfully
2025-09-24 09:50:29,629 [INFO] trade_logger: Celery beat task executed successfully
2025-09-24 09:50:29,643 [INFO] trade_logger: Starting stock price update task ...
2025-09-24 09:50:30,093 [INFO] trade_logger: Updated AAPL with price 254.42999267578125
2025-09-24 09:50:30,511 [INFO] trade_logger: Updated GOOGL with price 251.66000366210938
2025-09-24 09:50:30,924 [INFO] trade_logger: Updated TSLA with price 425.8500061035156
2025-09-24 09:50:59,628 [INFO] trade_logger: Celery beat task executed successfully
2025-09-24 09:51:29,629 [INFO] trade_logger: Celery beat task executed successfully
2025-09-24 09:51:29,643 [INFO] trade_logger: Starting stock price update task ...
2025-09-24 09:51:30,108 [INFO] trade_logger: Updated AAPL with price 254.42999267578125
2025-09-24 09:51:31,429 [INFO] trade_logger: Updated GOOGL with price 251.66000366210938
2025-09-24 09:51:31,838 [INFO] trade_logger: Updated TSLA with price 425.8500061035156
2025-09-24 09:51:59,629 [INFO] trade_logger: Celery beat task executed successfully
2025-09-24 09:52:29,629 [INFO] trade_logger: Celery beat task executed successfully
2025-09-24 09:52:29,643 [INFO] trade_logger: Starting stock price update task ...
2025-09-24 09:52:30,101 [INFO] trade_logger: Updated AAPL with price 254.42999267578125
2025-09-24 09:52:30,613 [INFO] trade_logger: Updated GOOGL with price 251.66000366210938
2025-09-24 09:52:31,022 [INFO] trade_logger: Updated TSLA with price 425.8500061035156
2025-09-24 09:52:59,629 [INFO] trade_logger: Celery beat task executed successfully
2025-09-24 09:53:29,629 [INFO] trade_logger: Celery beat task executed successfully
2025-09-24 09:53:29,643 [INFO] trade_logger: Starting stock price update task ...
2025-09-24 09:53:30,112 [INFO] trade_logger: Updated AAPL with price 254.42999267578125
2025-09-24 09:53:30,509 [INFO] trade_logger: Updated GOOGL with price 251.66000366210938
2025-09-24 09:53:30,918 [INFO] trade_logger: Updated TSLA with price 425.8500061035156
2025-09-24 09:53:59,629 [INFO] trade_logger: Celery beat task executed successfully
2025-09-24 09:54:29,629 [INFO] trade_logger: Celery beat task executed successfully
2025-09-24 09:54:29,646 [INFO] trade_logger: Starting stock price update task ...
2025-09-24 09:54:30,127 [INFO] trade_logger: Updated AAPL with price 254.42999267578125
2025-09-24 09:54:30,530 [INFO] trade_logger: Updated GOOGL with price 251.66000366210938
2025-09-24 09:54:31,024 [INFO] trade_logger: Updated TSLA with price 425.8500061035156
2025-09-24 09:54:59,629 [INFO] trade_logger: Celery beat task executed successfully
2025-09-24 09:55:29,629 [INFO] trade_logger: Celery beat task executed successfully
2025-09-24 09:55:29,644 [INFO] trade_logger: Starting stock price update task ...
2025-09-24 09:55:30,260 [INFO] trade_logger: Updated AAPL with price 254.42999267578125
2025-09-24 09:55:30,691 [INFO] trade_logger: Updated GOOGL with price 251.66000366210938
2025-09-24 09:55:31,346 [INFO] trade_logger: Updated TSLA with price 425.8500061035156
